version: 0.9.6
cmd: /mnt/NFS_WS/leaf/index.php
part: 1

events: Time

fl=php:internal
fn=php::phpversion
19 70

fl=php:internal
fn=php::version_compare
19 19

fl=php:internal
fn=php::error_reporting
32 51

fl=php:internal
fn=php::define
37 66

fl=php:internal
fn=php::define
38 58

fl=php:internal
fn=php::realpath
43 157

fl=php:internal
fn=php::dirname
43 9

fl=php:internal
fn=php::define
43 46

fl=php:internal
fn=php::define
48 41

fl=php:internal
fn=php::define
53 11

fl=php:internal
fn=php::define
58 14

fl=php:internal
fn=php::define
63 45

fl=/mnt/NFS_WS/leaf/leaf/front/helpers/Main.php
fn=require_once::/mnt/NFS_WS/leaf/leaf/front/helpers/Main.php
1 32

fl=/mnt/NFS_WS/leaf/leaf/front/helpers/Dependancies.php
fn=require_once::/mnt/NFS_WS/leaf/leaf/front/helpers/Dependancies.php
1 17

fl=/mnt/NFS_WS/leaf/leaf/front/helpers/Handlers.php
fn=require_once::/mnt/NFS_WS/leaf/leaf/front/helpers/Handlers.php
1 15

fl=/mnt/NFS_WS/leaf/leaf/front/helpers/Error.php
fn=require_once::/mnt/NFS_WS/leaf/leaf/front/helpers/Error.php
1 13

fl=php:internal
fn=php::define
24 18

fl=php:internal
fn=php::define
31 41

fl=php:internal
fn=php::define
38 11

fl=/mnt/NFS_WS/leaf/leaf/base/helpers/Hooks.php
fn=require_once::/mnt/NFS_WS/leaf/leaf/base/helpers/Hooks.php
1 782
cfn=php::define
calls=1 0 0
24 18
cfn=php::define
calls=1 0 0
31 41
cfn=php::define
calls=1 0 0
38 11

fl=php:internal
fn=php::array_key_exists
95 10

fl=php:internal
fn=php::array_key_exists
95 10

fl=/mnt/NFS_WS/leaf/leaf/base/Base.php
fn=require_once::/mnt/NFS_WS/leaf/leaf/base/Base.php
1 17

fl=/mnt/NFS_WS/leaf/leaf/front/helpers/Main.php
fn=__autoload
0 1172
cfn=php::array_key_exists
calls=1 0 0
95 10
cfn=require_once::/mnt/NFS_WS/leaf/leaf/base/Base.php
calls=1 0 0
110 17

fl=/mnt/NFS_WS/leaf/leaf/base/Config.php
fn=require_once::/mnt/NFS_WS/leaf/leaf/base/Config.php
1 361
cfn=__autoload
calls=1 0 0
0 1200

fl=/mnt/NFS_WS/leaf/leaf/front/helpers/Main.php
fn=__autoload
0 1426
cfn=php::array_key_exists
calls=1 0 0
95 10
cfn=require_once::/mnt/NFS_WS/leaf/leaf/base/Config.php
calls=1 0 0
110 1562

fl=php:internal
fn=php::array_key_exists
62 9

fl=/mnt/NFS_WS/leaf/leaf/base/Base.php
fn=leaf_Base->__set
39 352
cfn=php::array_key_exists
calls=1 0 0
62 9

fl=/mnt/NFS_WS/leaf/leaf/base/Base.php
fn=leaf_Base->__construct
81 310
cfn=leaf_Base->__set
calls=1 0 0
39 361

fl=/mnt/NFS_WS/leaf/leaf/etc/general.php
fn=require_once::/mnt/NFS_WS/leaf/leaf/etc/general.php
1 100

fl=/mnt/NFS_WS/leaf/leaf/etc/autoload.php
fn=require_once::/mnt/NFS_WS/leaf/leaf/etc/autoload.php
1 74

fl=/mnt/NFS_WS/leaf/leaf/etc/hooks.php
fn=require_once::/mnt/NFS_WS/leaf/leaf/etc/hooks.php
1 66

fl=/mnt/NFS_WS/leaf/leaf/etc/endorsed.php
fn=require_once::/mnt/NFS_WS/leaf/leaf/etc/endorsed.php
1 46

fl=/mnt/NFS_WS/leaf/leaf/etc/database.php
fn=require_once::/mnt/NFS_WS/leaf/leaf/etc/database.php
1 131

fl=/mnt/NFS_WS/leaf/leaf/etc/route.php
fn=require_once::/mnt/NFS_WS/leaf/leaf/etc/route.php
1 53

fl=/mnt/NFS_WS/leaf/leaf/base/Config.php
fn=leaf_Config->__construct
71 3605
cfn=leaf_Base->__construct
calls=1 0 0
81 672
cfn=require_once::/mnt/NFS_WS/leaf/leaf/etc/general.php
calls=1 0 0
84 100
cfn=require_once::/mnt/NFS_WS/leaf/leaf/etc/autoload.php
calls=1 0 0
85 74
cfn=require_once::/mnt/NFS_WS/leaf/leaf/etc/hooks.php
calls=1 0 0
86 66
cfn=require_once::/mnt/NFS_WS/leaf/leaf/etc/endorsed.php
calls=1 0 0
87 46
cfn=require_once::/mnt/NFS_WS/leaf/leaf/etc/database.php
calls=1 0 0
88 131
cfn=require_once::/mnt/NFS_WS/leaf/leaf/etc/route.php
calls=1 0 0
89 53

fl=php:internal
fn=php::array_key_exists
95 7

fl=/mnt/NFS_WS/leaf/leaf/base/Router.php
fn=require_once::/mnt/NFS_WS/leaf/leaf/base/Router.php
1 31

fl=/mnt/NFS_WS/leaf/leaf/front/helpers/Main.php
fn=__autoload
0 1391
cfn=php::array_key_exists
calls=1 0 0
95 7
cfn=require_once::/mnt/NFS_WS/leaf/leaf/base/Router.php
calls=1 0 0
110 31

fl=php:internal
fn=php::array_key_exists
62 8

fl=/mnt/NFS_WS/leaf/leaf/base/Base.php
fn=leaf_Base->__set
39 298
cfn=php::array_key_exists
calls=1 0 0
62 8

fl=/mnt/NFS_WS/leaf/leaf/base/Base.php
fn=leaf_Base->__construct
102 324
cfn=leaf_Base->__set
calls=1 0 0
39 307

fl=php:internal
fn=php::array_key_exists
87 11

fl=/mnt/NFS_WS/leaf/leaf/base/Base.php
fn=leaf_Base::exists
73 302
cfn=php::array_key_exists
calls=1 0 0
87 11

fl=/mnt/NFS_WS/leaf/leaf/base/Base.php
fn=leaf_Base::fetch
50 247
cfn=leaf_Base::exists
calls=1 0 0
73 313

fl=/mnt/NFS_WS/leaf/leaf/base/Base.php
fn=leaf_Base->__get
0 823
cfn=leaf_Base::fetch
calls=1 0 0
50 560

fl=php:internal
fn=php::array_key_exists
111 9

fl=/mnt/NFS_WS/leaf/leaf/base/Config.php
fn=leaf_Config->fetchArray
107 264
cfn=php::array_key_exists
calls=1 0 0
111 9

fl=php:internal
fn=php::preg_quote
133 18

fl=php:internal
fn=php::preg_match_all
138 158

fl=php:internal
fn=php::preg_match
157 103

fl=php:internal
fn=php::array_key_exists
87 9

fl=/mnt/NFS_WS/leaf/leaf/base/Base.php
fn=leaf_Base::exists
73 236
cfn=php::array_key_exists
calls=1 0 0
87 9

fl=/mnt/NFS_WS/leaf/leaf/base/Base.php
fn=leaf_Base::fetch
50 272
cfn=leaf_Base::exists
calls=1 0 0
73 245

fl=/mnt/NFS_WS/leaf/leaf/base/Base.php
fn=leaf_Base->__get
0 527
cfn=leaf_Base::fetch
calls=1 0 0
50 517

fl=/mnt/NFS_WS/leaf/leaf/base/Config.php
fn=leaf_Config->offsetGet
0 34

fl=php:internal
fn=php::preg_replace
200 57

fl=php:internal
fn=php::preg_replace
211 44

fl=php:internal
fn=php::preg_match
216 39

fl=php:internal
fn=php::preg_match
311 77

fl=php:internal
fn=php::preg_replace
318 83

fl=/mnt/NFS_WS/leaf/leaf/base/Router.php
fn=leaf_Router->chopSegment
232 577
cfn=php::preg_match
calls=1 0 0
311 77
cfn=php::preg_replace
calls=1 0 0
318 83

fl=/mnt/NFS_WS/leaf/leaf/base/Router.php
fn=leaf_Router->chopSegment
238 25

fl=php:internal
fn=php::explode
248 13

fl=/mnt/NFS_WS/leaf/leaf/base/Router.php
fn=leaf_Router->__construct
72 4846
cfn=leaf_Base->__construct
calls=1 0 0
102 632
cfn=leaf_Base->__get
calls=1 0 0
0 1384
cfn=leaf_Config->fetchArray
calls=1 0 0
107 273
cfn=php::preg_quote
calls=1 0 0
133 18
cfn=php::preg_match_all
calls=1 0 0
138 158
cfn=php::preg_match
calls=1 0 0
157 103
cfn=leaf_Base->__get
calls=1 0 0
0 1044
cfn=leaf_Config->offsetGet
calls=1 0 0
0 34
cfn=php::preg_replace
calls=1 0 0
200 57
cfn=php::preg_replace
calls=1 0 0
211 44
cfn=php::preg_match
calls=1 0 0
216 39
cfn=leaf_Router->chopSegment
calls=1 0 0
232 738
cfn=leaf_Router->chopSegment
calls=1 0 0
238 25
cfn=php::explode
calls=1 0 0
248 13

fl=php:internal
fn=php::array_key_exists
95 7

fl=/mnt/NFS_WS/leaf/leaf/base/Dispatcher.php
fn=require_once::/mnt/NFS_WS/leaf/leaf/base/Dispatcher.php
1 34

fl=/mnt/NFS_WS/leaf/leaf/front/helpers/Main.php
fn=__autoload
0 1091
cfn=php::array_key_exists
calls=1 0 0
95 7
cfn=require_once::/mnt/NFS_WS/leaf/leaf/base/Dispatcher.php
calls=1 0 0
110 34

fl=php:internal
fn=php::array_key_exists
62 12

fl=/mnt/NFS_WS/leaf/leaf/base/Base.php
fn=leaf_Base->__set
39 321
cfn=php::array_key_exists
calls=1 0 0
62 12

fl=/mnt/NFS_WS/leaf/leaf/base/Base.php
fn=leaf_Base->__construct
58 267
cfn=leaf_Base->__set
calls=1 0 0
39 334

fl=/mnt/NFS_WS/leaf/leaf/base/Dispatcher.php
fn=leaf_Dispatcher->__construct
73 249
cfn=leaf_Base->__construct
calls=1 0 0
58 601

fl=php:internal
fn=php::array_key_exists
135 8

fl=/mnt/NFS_WS/leaf/leaf/base/Config.php
fn=leaf_Config->offsetExists
0 241
cfn=php::array_key_exists
calls=1 0 0
135 8

fl=php:internal
fn=php::date_default_timezone_get
80 351

fl=php:internal
fn=php::date_default_timezone_set
83 20

fl=/mnt/NFS_WS/leaf/leaf/base/Config.php
fn=leaf_Config->offsetGet
0 37

fl=/mnt/NFS_WS/leaf/leaf/base/Router.php
fn=leaf_Router->getClassName
97 15

fl=/mnt/NFS_WS/leaf/leaf/base/Router.php
fn=leaf_Router->getMethodName
98 17

fl=php:internal
fn=php::array_key_exists
87 10

fl=/mnt/NFS_WS/leaf/leaf/base/Base.php
fn=leaf_Base::exists
73 260
cfn=php::array_key_exists
calls=1 0 0
87 10

fl=/mnt/NFS_WS/leaf/leaf/base/Base.php
fn=leaf_Base::fetch
50 267
cfn=leaf_Base::exists
calls=1 0 0
73 271

fl=/mnt/NFS_WS/leaf/leaf/base/Base.php
fn=leaf_Base->__get
0 568
cfn=leaf_Base::fetch
calls=1 0 0
50 539

fl=php:internal
fn=php::array_key_exists
111 7

fl=/mnt/NFS_WS/leaf/leaf/base/Config.php
fn=leaf_Config->fetchArray
178 260
cfn=php::array_key_exists
calls=1 0 0
111 7

fl=php:internal
fn=php::strrpos
183 18

fl=php:internal
fn=php::explode
198 19

fl=php:internal
fn=php::array_push
208 10

fl=php:internal
fn=php::file_exists
214 47

fl=php:internal
fn=php::array_key_exists
95 10

fl=php:internal
fn=php::array_key_exists
95 10

fl=/mnt/NFS_WS/leaf/leaf/core/Common.php
fn=require_once::/mnt/NFS_WS/leaf/leaf/core/Common.php
1 10

fl=/mnt/NFS_WS/leaf/leaf/front/helpers/Main.php
fn=__autoload
0 880
cfn=php::array_key_exists
calls=1 0 0
95 10
cfn=require_once::/mnt/NFS_WS/leaf/leaf/core/Common.php
calls=1 0 0
110 10

fl=/mnt/NFS_WS/leaf/leaf/core/Controller.php
fn=require_once::/mnt/NFS_WS/leaf/leaf/core/Controller.php
1 261
cfn=__autoload
calls=1 0 0
0 900

fl=/mnt/NFS_WS/leaf/leaf/front/helpers/Main.php
fn=__autoload
0 982
cfn=php::array_key_exists
calls=1 0 0
95 10
cfn=require_once::/mnt/NFS_WS/leaf/leaf/core/Controller.php
calls=1 0 0
110 1162

fl=/mnt/NFS_WS/leaf/applications/App2/App2_Controller.php
fn=require_once::/mnt/NFS_WS/leaf/applications/App2/App2_Controller.php
1 281
cfn=__autoload
calls=1 0 0
0 2156

fl=php:internal
fn=php::array_key_exists
95 6

fl=/mnt/NFS_WS/leaf/leaf/core/Registry.php
fn=require_once::/mnt/NFS_WS/leaf/leaf/core/Registry.php
1 16

fl=/mnt/NFS_WS/leaf/leaf/front/helpers/Main.php
fn=__autoload
0 866
cfn=php::array_key_exists
calls=1 0 0
95 6
cfn=require_once::/mnt/NFS_WS/leaf/leaf/core/Registry.php
calls=1 0 0
110 16

fl=/mnt/NFS_WS/leaf/leaf/core/Registry.php
fn=leaf_Registry->__construct
65 15

fl=/mnt/NFS_WS/leaf/leaf/core/Registry.php
fn=leaf_Registry::getInstance
38 393
cfn=leaf_Registry->__construct
calls=1 0 0
65 15

fl=/mnt/NFS_WS/leaf/leaf/core/Common.php
fn=leaf_Common->__construct
41 571
cfn=__autoload
calls=1 0 0
0 890
cfn=leaf_Registry::getInstance
calls=1 0 0
38 409

fl=php:internal
fn=php::array_key_exists
95 10

fl=/mnt/NFS_WS/leaf/leaf/core/Request.php
fn=require_once::/mnt/NFS_WS/leaf/leaf/core/Request.php
1 34

fl=/mnt/NFS_WS/leaf/leaf/front/helpers/Main.php
fn=__autoload
0 1045
cfn=php::array_key_exists
calls=1 0 0
95 10
cfn=require_once::/mnt/NFS_WS/leaf/leaf/core/Request.php
calls=1 0 0
110 34

fl=/mnt/NFS_WS/leaf/leaf/core/Registry.php
fn=leaf_Registry::getInstance
38 57

fl=/mnt/NFS_WS/leaf/leaf/core/Common.php
fn=leaf_Common->__construct
63 344
cfn=leaf_Registry::getInstance
calls=1 0 0
38 57

fl=php:internal
fn=php::array_key_exists
102 10

fl=/mnt/NFS_WS/leaf/leaf/core/Registry.php
fn=leaf_Registry->registered
49 313
cfn=php::array_key_exists
calls=1 0 0
102 10

fl=php:internal
fn=php::array_key_exists
87 10

fl=/mnt/NFS_WS/leaf/leaf/base/Base.php
fn=leaf_Base::exists
51 250
cfn=php::array_key_exists
calls=1 0 0
87 10

fl=php:internal
fn=php::array_key_exists
87 10

fl=/mnt/NFS_WS/leaf/leaf/base/Base.php
fn=leaf_Base::exists
73 282
cfn=php::array_key_exists
calls=1 0 0
87 10

fl=/mnt/NFS_WS/leaf/leaf/base/Base.php
fn=leaf_Base::fetch
52 232
cfn=leaf_Base::exists
calls=1 0 0
73 292

fl=/mnt/NFS_WS/leaf/leaf/core/Common.php
fn=leaf_Common->__get
0 938
cfn=leaf_Registry->registered
calls=1 0 0
49 324
cfn=leaf_Base::exists
calls=1 0 0
51 260
cfn=leaf_Base::fetch
calls=1 0 0
52 524

fl=/mnt/NFS_WS/leaf/leaf/core/Request.php
fn=leaf_Request->__construct
43 664
cfn=leaf_Common->__construct
calls=1 0 0
63 401
cfn=leaf_Common->__get
calls=1 0 0
0 2048

fl=/mnt/NFS_WS/leaf/leaf/core/Registry.php
fn=leaf_Registry->register
68 40

fl=/mnt/NFS_WS/leaf/leaf/core/Common.php
fn=leaf_Common->__set
43 260
cfn=leaf_Registry->register
calls=1 0 0
68 40

fl=php:internal
fn=php::array_key_exists
95 13

fl=/mnt/NFS_WS/leaf/leaf/core/LocalLoader.php
fn=require_once::/mnt/NFS_WS/leaf/leaf/core/LocalLoader.php
1 16

fl=/mnt/NFS_WS/leaf/leaf/front/helpers/Main.php
fn=__autoload
0 1047
cfn=php::array_key_exists
calls=1 0 0
95 13
cfn=require_once::/mnt/NFS_WS/leaf/leaf/core/LocalLoader.php
calls=1 0 0
110 16

fl=/mnt/NFS_WS/leaf/leaf/core/Registry.php
fn=leaf_Registry::getInstance
38 57

fl=/mnt/NFS_WS/leaf/leaf/core/Common.php
fn=leaf_Common->__construct
37 376
cfn=leaf_Registry::getInstance
calls=1 0 0
38 57

fl=/mnt/NFS_WS/leaf/leaf/core/LocalLoader.php
fn=leaf_LocalLoader->__construct
44 371
cfn=leaf_Common->__construct
calls=1 0 0
37 434

fl=/mnt/NFS_WS/leaf/leaf/core/Registry.php
fn=leaf_Registry->register
68 36

fl=/mnt/NFS_WS/leaf/leaf/core/Common.php
fn=leaf_Common->__set
44 271
cfn=leaf_Registry->register
calls=1 0 0
68 36

fl=php:internal
fn=php::array_key_exists
95 9

fl=/mnt/NFS_WS/leaf/leaf/core/Response.php
fn=require_once::/mnt/NFS_WS/leaf/leaf/core/Response.php
1 30

fl=/mnt/NFS_WS/leaf/leaf/front/helpers/Main.php
fn=__autoload
0 1051
cfn=php::array_key_exists
calls=1 0 0
95 9
cfn=require_once::/mnt/NFS_WS/leaf/leaf/core/Response.php
calls=1 0 0
110 30

fl=/mnt/NFS_WS/leaf/leaf/core/Registry.php
fn=leaf_Registry->__construct
65 19

fl=/mnt/NFS_WS/leaf/leaf/core/Registry.php
fn=leaf_Registry::getInstance
38 404
cfn=leaf_Registry->__construct
calls=1 0 0
65 19

fl=/mnt/NFS_WS/leaf/leaf/core/Common.php
fn=leaf_Common->__construct
68 283
cfn=leaf_Registry::getInstance
calls=1 0 0
38 423

fl=/mnt/NFS_WS/leaf/leaf/core/Response.php
fn=leaf_Response->__construct
45 298
cfn=leaf_Common->__construct
calls=1 0 0
68 706

fl=/mnt/NFS_WS/leaf/leaf/core/Registry.php
fn=leaf_Registry->register
68 25

fl=/mnt/NFS_WS/leaf/leaf/core/Common.php
fn=leaf_Common->__set
45 233
cfn=leaf_Registry->register
calls=1 0 0
68 25

fl=php:internal
fn=php::array_key_exists
95 6

fl=php:internal
fn=php::define
15 10

fl=php:internal
fn=php::define
20 8

fl=/mnt/NFS_WS/leaf/leaf/core/View.php
fn=require_once::/mnt/NFS_WS/leaf/leaf/core/View.php
1 375
cfn=php::define
calls=1 0 0
15 10
cfn=php::define
calls=1 0 0
20 8

fl=/mnt/NFS_WS/leaf/leaf/front/helpers/Main.php
fn=__autoload
0 833
cfn=php::array_key_exists
calls=1 0 0
95 6
cfn=require_once::/mnt/NFS_WS/leaf/leaf/core/View.php
calls=1 0 0
110 395

fl=/mnt/NFS_WS/leaf/leaf/core/Registry.php
fn=leaf_Registry::getInstance
38 56

fl=/mnt/NFS_WS/leaf/leaf/core/Common.php
fn=leaf_Common->__construct
78 1040
cfn=leaf_Registry::getInstance
calls=1 0 0
38 56

fl=/mnt/NFS_WS/leaf/leaf/core/View.php
fn=leaf_View->__construct
46 278
cfn=leaf_Common->__construct
calls=1 0 0
78 1097

fl=/mnt/NFS_WS/leaf/leaf/core/Registry.php
fn=leaf_Registry->register
68 42

fl=/mnt/NFS_WS/leaf/leaf/core/Common.php
fn=leaf_Common->__set
46 311
cfn=leaf_Registry->register
calls=1 0 0
68 42

fl=/mnt/NFS_WS/leaf/leaf/core/Controller.php
fn=leaf_Controller->__construct
236 3303
cfn=leaf_Common->__construct
calls=1 0 0
41 1871
cfn=__autoload
calls=1 0 0
0 1090
cfn=leaf_Request->__construct
calls=1 0 0
43 3114
cfn=leaf_Common->__set
calls=1 0 0
43 300
cfn=__autoload
calls=1 0 0
0 1077
cfn=leaf_LocalLoader->__construct
calls=1 0 0
44 806
cfn=leaf_Common->__set
calls=1 0 0
44 307
cfn=__autoload
calls=1 0 0
0 1091
cfn=leaf_Response->__construct
calls=1 0 0
45 1004
cfn=leaf_Common->__set
calls=1 0 0
45 259
cfn=__autoload
calls=1 0 0
0 1235
cfn=leaf_View->__construct
calls=1 0 0
46 1376
cfn=leaf_Common->__set
calls=1 0 0
46 353

fl=/mnt/NFS_WS/leaf/leaf/base/Dispatcher.php
fn=leaf_Dispatcher->prepare
73 5222
cfn=leaf_Base->__get
calls=1 0 0
0 1107
cfn=leaf_Config->fetchArray
calls=1 0 0
178 267
cfn=php::strrpos
calls=1 0 0
183 18
cfn=php::explode
calls=1 0 0
198 19
cfn=php::array_push
calls=1 0 0
208 10
cfn=php::file_exists
calls=1 0 0
214 47
cfn=require_once::/mnt/NFS_WS/leaf/applications/App2/App2_Controller.php
calls=1 0 0
229 2437
cfn=leaf_Controller->__construct
calls=1 0 0
236 17191

fl=php:internal
fn=php::array_pop
82 20

fl=php:internal
fn=php::method_exists
125 11

fl=php:internal
fn=php::extension_loaded
127 9

fl=php:internal
fn=php::ReflectionMethod->__construct
131 41

fl=php:internal
fn=php::ReflectionFunctionAbstract->getNumberOfParameters
133 10

fl=/mnt/NFS_WS/leaf/applications/App2/App2_Controller.php
fn=App2_Controller->init
0 66

fl=php:internal
fn=php::call_user_func
154 277
cfn=App2_Controller->init
calls=1 0 0
0 66

fl=/mnt/NFS_WS/leaf/leaf/base/Dispatcher.php
fn=leaf_Dispatcher->call
102 1577
cfn=php::method_exists
calls=1 0 0
125 11
cfn=php::extension_loaded
calls=1 0 0
127 9
cfn=php::ReflectionMethod->__construct
calls=1 0 0
131 41
cfn=php::ReflectionFunctionAbstract->getNumberOfParameters
calls=1 0 0
133 10
cfn=php::call_user_func
calls=1 0 0
154 343

fl=php:internal
fn=php::array_key_exists
102 10

fl=/mnt/NFS_WS/leaf/leaf/core/Registry.php
fn=leaf_Registry->registered
49 221
cfn=php::array_key_exists
calls=1 0 0
102 10

fl=/mnt/NFS_WS/leaf/leaf/core/Registry.php
fn=leaf_Registry->__get
0 63

fl=/mnt/NFS_WS/leaf/leaf/core/Common.php
fn=leaf_Common->__get
0 574
cfn=leaf_Registry->registered
calls=1 0 0
49 231
cfn=leaf_Registry->__get
calls=1 0 0
0 63

fl=/mnt/NFS_WS/leaf/leaf/core/Response.php
fn=leaf_Response->ouputBufferStart
104 33

fl=php:internal
fn=php::method_exists
125 14

fl=php:internal
fn=php::extension_loaded
127 10

fl=php:internal
fn=php::ReflectionMethod->__construct
131 25

fl=php:internal
fn=php::ReflectionFunctionAbstract->getNumberOfParameters
133 11

fl=php:internal
fn=php::array_key_exists
102 6

fl=/mnt/NFS_WS/leaf/leaf/core/Registry.php
fn=leaf_Registry->registered
49 221
cfn=php::array_key_exists
calls=1 0 0
102 6

fl=php:internal
fn=php::array_key_exists
87 5

fl=/mnt/NFS_WS/leaf/leaf/base/Base.php
fn=leaf_Base::exists
51 267
cfn=php::array_key_exists
calls=1 0 0
87 5

fl=php:internal
fn=php::array_key_exists
87 10

fl=/mnt/NFS_WS/leaf/leaf/base/Base.php
fn=leaf_Base::exists
73 344
cfn=php::array_key_exists
calls=1 0 0
87 10

fl=/mnt/NFS_WS/leaf/leaf/base/Base.php
fn=leaf_Base::fetch
52 253
cfn=leaf_Base::exists
calls=1 0 0
73 355

fl=/mnt/NFS_WS/leaf/leaf/core/Common.php
fn=leaf_Common->__get
0 804
cfn=leaf_Registry->registered
calls=1 0 0
49 227
cfn=leaf_Base::exists
calls=1 0 0
51 272
cfn=leaf_Base::fetch
calls=1 0 0
52 609

fl=php:internal
fn=php::array_key_exists
87 10

fl=/mnt/NFS_WS/leaf/leaf/base/Base.php
fn=leaf_Base::exists
73 242
cfn=php::array_key_exists
calls=1 0 0
87 10

fl=/mnt/NFS_WS/leaf/leaf/base/Base.php
fn=leaf_Base::fetch
50 242
cfn=leaf_Base::exists
calls=1 0 0
73 252

fl=/mnt/NFS_WS/leaf/leaf/base/Base.php
fn=leaf_Base->__get
0 442
cfn=leaf_Base::fetch
calls=1 0 0
50 495

fl=php:internal
fn=php::array_key_exists
111 6

fl=/mnt/NFS_WS/leaf/leaf/base/Config.php
fn=leaf_Config->fetchArray
178 195
cfn=php::array_key_exists
calls=1 0 0
111 6

fl=php:internal
fn=php::strrpos
183 8

fl=php:internal
fn=php::explode
198 12

fl=php:internal
fn=php::array_push
208 6

fl=php:internal
fn=php::file_exists
214 48

fl=/mnt/NFS_WS/leaf/applications/AnotherApp/AnotherApp_Controller.php
fn=require_once::/mnt/NFS_WS/leaf/applications/AnotherApp/AnotherApp_Controller.php
1 18

fl=/mnt/NFS_WS/leaf/leaf/core/Registry.php
fn=leaf_Registry->__construct
65 13

fl=/mnt/NFS_WS/leaf/leaf/core/Registry.php
fn=leaf_Registry::getInstance
38 283
cfn=leaf_Registry->__construct
calls=1 0 0
65 13

fl=/mnt/NFS_WS/leaf/leaf/core/Common.php
fn=leaf_Common->__construct
41 306
cfn=leaf_Registry::getInstance
calls=1 0 0
38 297

fl=/mnt/NFS_WS/leaf/leaf/core/Registry.php
fn=leaf_Registry::getInstance
38 46

fl=/mnt/NFS_WS/leaf/leaf/core/Common.php
fn=leaf_Common->__construct
63 249
cfn=leaf_Registry::getInstance
calls=1 0 0
38 46

fl=php:internal
fn=php::array_key_exists
102 12

fl=/mnt/NFS_WS/leaf/leaf/core/Registry.php
fn=leaf_Registry->registered
49 248
cfn=php::array_key_exists
calls=1 0 0
102 12

fl=php:internal
fn=php::array_key_exists
87 10

fl=/mnt/NFS_WS/leaf/leaf/base/Base.php
fn=leaf_Base::exists
51 414
cfn=php::array_key_exists
calls=1 0 0
87 10

fl=php:internal
fn=php::array_key_exists
87 7

fl=/mnt/NFS_WS/leaf/leaf/base/Base.php
fn=leaf_Base::exists
73 229
cfn=php::array_key_exists
calls=1 0 0
87 7

fl=/mnt/NFS_WS/leaf/leaf/base/Base.php
fn=leaf_Base::fetch
52 231
cfn=leaf_Base::exists
calls=1 0 0
73 236

fl=/mnt/NFS_WS/leaf/leaf/core/Common.php
fn=leaf_Common->__get
0 877
cfn=leaf_Registry->registered
calls=1 0 0
49 261
cfn=leaf_Base::exists
calls=1 0 0
51 425
cfn=leaf_Base::fetch
calls=1 0 0
52 468

fl=/mnt/NFS_WS/leaf/leaf/core/Request.php
fn=leaf_Request->__construct
43 622
cfn=leaf_Common->__construct
calls=1 0 0
63 295
cfn=leaf_Common->__get
calls=1 0 0
0 2032

fl=/mnt/NFS_WS/leaf/leaf/core/Registry.php
fn=leaf_Registry->register
68 37

fl=/mnt/NFS_WS/leaf/leaf/core/Common.php
fn=leaf_Common->__set
43 401
cfn=leaf_Registry->register
calls=1 0 0
68 37

fl=/mnt/NFS_WS/leaf/leaf/core/Registry.php
fn=leaf_Registry::getInstance
38 56

fl=/mnt/NFS_WS/leaf/leaf/core/Common.php
fn=leaf_Common->__construct
37 374
cfn=leaf_Registry::getInstance
calls=1 0 0
38 56

fl=/mnt/NFS_WS/leaf/leaf/core/LocalLoader.php
fn=leaf_LocalLoader->__construct
44 216
cfn=leaf_Common->__construct
calls=1 0 0
37 431

fl=/mnt/NFS_WS/leaf/leaf/core/Registry.php
fn=leaf_Registry->register
68 35

fl=/mnt/NFS_WS/leaf/leaf/core/Common.php
fn=leaf_Common->__set
44 239
cfn=leaf_Registry->register
calls=1 0 0
68 35

fl=/mnt/NFS_WS/leaf/leaf/core/Registry.php
fn=leaf_Registry::getInstance
38 56

fl=/mnt/NFS_WS/leaf/leaf/core/Common.php
fn=leaf_Common->__construct
68 394
cfn=leaf_Registry::getInstance
calls=1 0 0
38 56

fl=/mnt/NFS_WS/leaf/leaf/core/Response.php
fn=leaf_Response->__construct
45 337
cfn=leaf_Common->__construct
calls=1 0 0
68 450

fl=/mnt/NFS_WS/leaf/leaf/core/Registry.php
fn=leaf_Registry->register
68 30

fl=/mnt/NFS_WS/leaf/leaf/core/Common.php
fn=leaf_Common->__set
45 237
cfn=leaf_Registry->register
calls=1 0 0
68 30

fl=/mnt/NFS_WS/leaf/leaf/core/Registry.php
fn=leaf_Registry::getInstance
38 44

fl=/mnt/NFS_WS/leaf/leaf/core/Common.php
fn=leaf_Common->__construct
78 332
cfn=leaf_Registry::getInstance
calls=1 0 0
38 44

fl=/mnt/NFS_WS/leaf/leaf/core/View.php
fn=leaf_View->__construct
46 219
cfn=leaf_Common->__construct
calls=1 0 0
78 376

fl=/mnt/NFS_WS/leaf/leaf/core/Registry.php
fn=leaf_Registry->register
68 31

fl=/mnt/NFS_WS/leaf/leaf/core/Common.php
fn=leaf_Common->__set
46 242
cfn=leaf_Registry->register
calls=1 0 0
68 31

fl=/mnt/NFS_WS/leaf/leaf/core/Controller.php
fn=leaf_Controller->__construct
236 2203
cfn=leaf_Common->__construct
calls=1 0 0
41 603
cfn=leaf_Request->__construct
calls=1 0 0
43 2950
cfn=leaf_Common->__set
calls=1 0 0
43 438
cfn=leaf_LocalLoader->__construct
calls=1 0 0
44 648
cfn=leaf_Common->__set
calls=1 0 0
44 274
cfn=leaf_Response->__construct
calls=1 0 0
45 787
cfn=leaf_Common->__set
calls=1 0 0
45 268
cfn=leaf_View->__construct
calls=1 0 0
46 595
cfn=leaf_Common->__set
calls=1 0 0
46 274

fl=/mnt/NFS_WS/leaf/leaf/base/Dispatcher.php
fn=leaf_Dispatcher->prepare
264 2721
cfn=leaf_Base->__get
calls=1 0 0
0 938
cfn=leaf_Config->fetchArray
calls=1 0 0
178 202
cfn=php::strrpos
calls=1 0 0
183 8
cfn=php::explode
calls=1 0 0
198 12
cfn=php::array_push
calls=1 0 0
208 6
cfn=php::file_exists
calls=1 0 0
214 48
cfn=require_once::/mnt/NFS_WS/leaf/applications/AnotherApp/AnotherApp_Controller.php
calls=1 0 0
229 18
cfn=leaf_Controller->__construct
calls=1 0 0
236 9044

fl=php:internal
fn=php::method_exists
267 15

fl=/mnt/NFS_WS/leaf/leaf/base/Dispatcher.php
fn=leaf_Dispatcher->pretend
21 694
cfn=leaf_Dispatcher->prepare
calls=1 0 0
264 13004
cfn=php::method_exists
calls=1 0 0
267 15

fl=php:internal
fn=php::array_key_exists
102 10

fl=/mnt/NFS_WS/leaf/leaf/core/Registry.php
fn=leaf_Registry->registered
49 226
cfn=php::array_key_exists
calls=1 0 0
102 10

fl=php:internal
fn=php::array_key_exists
87 8

fl=/mnt/NFS_WS/leaf/leaf/base/Base.php
fn=leaf_Base::exists
51 236
cfn=php::array_key_exists
calls=1 0 0
87 8

fl=php:internal
fn=php::array_key_exists
87 5

fl=/mnt/NFS_WS/leaf/leaf/base/Base.php
fn=leaf_Base::exists
73 328
cfn=php::array_key_exists
calls=1 0 0
87 5

fl=/mnt/NFS_WS/leaf/leaf/base/Base.php
fn=leaf_Base::fetch
52 325
cfn=leaf_Base::exists
calls=1 0 0
73 334

fl=/mnt/NFS_WS/leaf/leaf/core/Common.php
fn=leaf_Common->__get
0 828
cfn=leaf_Registry->registered
calls=1 0 0
49 236
cfn=leaf_Base::exists
calls=1 0 0
51 244
cfn=leaf_Base::fetch
calls=1 0 0
52 659

fl=php:internal
fn=php::array_pop
82 12

fl=php:internal
fn=php::constant
91 13

fl=php:internal
fn=php::method_exists
125 7

fl=php:internal
fn=php::extension_loaded
127 7

fl=php:internal
fn=php::ReflectionMethod->__construct
131 31

fl=php:internal
fn=php::ReflectionFunctionAbstract->getNumberOfParameters
133 9

fl=/mnt/NFS_WS/leaf/applications/AnotherApp/AnotherApp_Controller.php
fn=AnotherApp_Controller->init
0 32

fl=php:internal
fn=php::call_user_func
154 447
cfn=AnotherApp_Controller->init
calls=1 0 0
0 32

fl=/mnt/NFS_WS/leaf/leaf/base/Dispatcher.php
fn=leaf_Dispatcher->call
102 1224
cfn=php::method_exists
calls=1 0 0
125 7
cfn=php::extension_loaded
calls=1 0 0
127 7
cfn=php::ReflectionMethod->__construct
calls=1 0 0
131 31
cfn=php::ReflectionFunctionAbstract->getNumberOfParameters
calls=1 0 0
133 9
cfn=php::call_user_func
calls=1 0 0
154 479

fl=php:internal
fn=php::array_key_exists
102 12

fl=/mnt/NFS_WS/leaf/leaf/core/Registry.php
fn=leaf_Registry->registered
49 224
cfn=php::array_key_exists
calls=1 0 0
102 12

fl=/mnt/NFS_WS/leaf/leaf/core/Registry.php
fn=leaf_Registry->__get
0 25

fl=/mnt/NFS_WS/leaf/leaf/core/Common.php
fn=leaf_Common->__get
0 577
cfn=leaf_Registry->registered
calls=1 0 0
49 236
cfn=leaf_Registry->__get
calls=1 0 0
0 25

fl=/mnt/NFS_WS/leaf/leaf/core/Response.php
fn=leaf_Response->ouputBufferStart
104 31

fl=php:internal
fn=php::method_exists
125 10

fl=php:internal
fn=php::extension_loaded
127 7

fl=php:internal
fn=php::ReflectionMethod->__construct
131 30

fl=php:internal
fn=php::ReflectionFunctionAbstract->getNumberOfParameters
133 9

fl=/mnt/NFS_WS/leaf/leaf/core/Registry.php
fn=leaf_Registry::getInstance
141 58

fl=/mnt/NFS_WS/leaf/leaf/core/Registry.php
fn=leaf_Registry->__get
0 26

fl=/mnt/NFS_WS/leaf/leaf/core/Registry.php
fn=leaf_Registry::getInstance
142 87

fl=/mnt/NFS_WS/leaf/leaf/core/Registry.php
fn=leaf_Registry->__get
0 28

fl=/mnt/NFS_WS/leaf/applications/AnotherApp/AnotherApp_Controller.php
fn=AnotherApp_Controller->someAction
0 68

fl=php:internal
fn=php::call_user_func
143 314
cfn=AnotherApp_Controller->someAction
calls=1 0 0
0 68

fl=/mnt/NFS_WS/leaf/leaf/base/Dispatcher.php
fn=leaf_Dispatcher->call
107 2788
cfn=php::method_exists
calls=1 0 0
125 10
cfn=php::extension_loaded
calls=1 0 0
127 7
cfn=php::ReflectionMethod->__construct
calls=1 0 0
131 30
cfn=php::ReflectionFunctionAbstract->getNumberOfParameters
calls=1 0 0
133 9
cfn=leaf_Registry::getInstance
calls=1 0 0
141 58
cfn=leaf_Registry->__get
calls=1 0 0
0 26
cfn=leaf_Registry::getInstance
calls=1 0 0
142 87
cfn=leaf_Registry->__get
calls=1 0 0
0 28
cfn=php::call_user_func
calls=1 0 0
143 383

fl=php:internal
fn=php::array_key_exists
102 8

fl=/mnt/NFS_WS/leaf/leaf/core/Registry.php
fn=leaf_Registry->registered
49 254
cfn=php::array_key_exists
calls=1 0 0
102 8

fl=/mnt/NFS_WS/leaf/leaf/core/Registry.php
fn=leaf_Registry->__get
0 24

fl=/mnt/NFS_WS/leaf/leaf/core/Common.php
fn=leaf_Common->__get
0 526
cfn=leaf_Registry->registered
calls=1 0 0
49 262
cfn=leaf_Registry->__get
calls=1 0 0
0 24

fl=/mnt/NFS_WS/leaf/leaf/core/Response.php
fn=leaf_Response->outputBufferFlush
109 10

fl=php:internal
fn=php::method_exists
125 13

fl=php:internal
fn=php::extension_loaded
127 9

fl=php:internal
fn=php::ReflectionMethod->__construct
131 27

fl=php:internal
fn=php::ReflectionFunctionAbstract->getNumberOfParameters
133 7

fl=/mnt/NFS_WS/leaf/applications/AnotherApp/AnotherApp_Controller.php
fn=AnotherApp_Controller->destroy
0 28

fl=php:internal
fn=php::call_user_func
154 233
cfn=AnotherApp_Controller->destroy
calls=1 0 0
0 28

fl=/mnt/NFS_WS/leaf/leaf/base/Dispatcher.php
fn=leaf_Dispatcher->call
112 1245
cfn=php::method_exists
calls=1 0 0
125 13
cfn=php::extension_loaded
calls=1 0 0
127 9
cfn=php::ReflectionMethod->__construct
calls=1 0 0
131 27
cfn=php::ReflectionFunctionAbstract->getNumberOfParameters
calls=1 0 0
133 7
cfn=php::call_user_func
calls=1 0 0
154 262

fl=/mnt/NFS_WS/leaf/leaf/base/Dispatcher.php
fn=leaf_Dispatcher->invoke
24 2397
cfn=php::array_pop
calls=1 0 0
82 12
cfn=php::constant
calls=1 0 0
91 13
cfn=leaf_Dispatcher->call
calls=1 0 0
102 1760
cfn=leaf_Common->__get
calls=1 0 0
0 839
cfn=leaf_Response->ouputBufferStart
calls=1 0 0
104 31
cfn=leaf_Dispatcher->call
calls=1 0 0
107 3431
cfn=leaf_Common->__get
calls=1 0 0
0 813
cfn=leaf_Response->outputBufferFlush
calls=1 0 0
109 10
cfn=leaf_Dispatcher->call
calls=1 0 0
112 1564

fl=/mnt/NFS_WS/leaf/applications/App2/App2_Controller.php
fn=App2_Controller->index
0 1237
cfn=leaf_Common->__get
calls=1 0 0
0 1914
cfn=leaf_Dispatcher->pretend
calls=1 0 0
21 13714
cfn=leaf_Common->__get
calls=1 0 0
0 1969
cfn=leaf_Dispatcher->invoke
calls=1 0 0
24 10874

fl=php:internal
fn=php::call_user_func
154 452
cfn=App2_Controller->index
calls=1 0 0
0 29711

fl=/mnt/NFS_WS/leaf/leaf/base/Dispatcher.php
fn=leaf_Dispatcher->call
107 1214
cfn=php::method_exists
calls=1 0 0
125 14
cfn=php::extension_loaded
calls=1 0 0
127 10
cfn=php::ReflectionMethod->__construct
calls=1 0 0
131 25
cfn=php::ReflectionFunctionAbstract->getNumberOfParameters
calls=1 0 0
133 11
cfn=php::call_user_func
calls=1 0 0
154 30164

fl=php:internal
fn=php::array_key_exists
102 10

fl=/mnt/NFS_WS/leaf/leaf/core/Registry.php
fn=leaf_Registry->registered
49 232
cfn=php::array_key_exists
calls=1 0 0
102 10

fl=/mnt/NFS_WS/leaf/leaf/core/Registry.php
fn=leaf_Registry->__get
0 24

fl=/mnt/NFS_WS/leaf/leaf/core/Common.php
fn=leaf_Common->__get
0 607
cfn=leaf_Registry->registered
calls=1 0 0
49 242
cfn=leaf_Registry->__get
calls=1 0 0
0 24

fl=/mnt/NFS_WS/leaf/leaf/core/Response.php
fn=leaf_Response->outputBufferFlush
109 10

fl=php:internal
fn=php::method_exists
125 15

fl=php:internal
fn=php::extension_loaded
127 8

fl=php:internal
fn=php::ReflectionMethod->__construct
131 21

fl=php:internal
fn=php::ReflectionFunctionAbstract->getNumberOfParameters
133 7

fl=/mnt/NFS_WS/leaf/applications/App2/App2_Controller.php
fn=App2_Controller->destroy
0 46

fl=php:internal
fn=php::call_user_func
154 190
cfn=App2_Controller->destroy
calls=1 0 0
0 46

fl=/mnt/NFS_WS/leaf/leaf/base/Dispatcher.php
fn=leaf_Dispatcher->call
112 1009
cfn=php::method_exists
calls=1 0 0
125 15
cfn=php::extension_loaded
calls=1 0 0
127 8
cfn=php::ReflectionMethod->__construct
calls=1 0 0
131 21
cfn=php::ReflectionFunctionAbstract->getNumberOfParameters
calls=1 0 0
133 7
cfn=php::call_user_func
calls=1 0 0
154 237

fl=/mnt/NFS_WS/leaf/leaf/base/Dispatcher.php
fn=leaf_Dispatcher->invoke
99 3381
cfn=leaf_Dispatcher->prepare
calls=1 0 0
73 26322
cfn=php::array_pop
calls=1 0 0
82 20
cfn=leaf_Dispatcher->call
calls=1 0 0
102 1993
cfn=leaf_Common->__get
calls=1 0 0
0 869
cfn=leaf_Response->ouputBufferStart
calls=1 0 0
104 33
cfn=leaf_Dispatcher->call
calls=1 0 0
107 31440
cfn=leaf_Common->__get
calls=1 0 0
0 874
cfn=leaf_Response->outputBufferFlush
calls=1 0 0
109 10
cfn=leaf_Dispatcher->call
calls=1 0 0
112 1300

fl=/mnt/NFS_WS/leaf/leaf/core/Controller.php
fn=leaf_Controller->__destruct
0 11

fl=/mnt/NFS_WS/leaf/leaf/base/Config.php
fn=leaf_Config->offsetGet
0 21

fl=/mnt/NFS_WS/leaf/leaf/base/Config.php
fn=leaf_Config->offsetGet
0 56

fl=/mnt/NFS_WS/leaf/leaf/base/Config.php
fn=leaf_Config->offsetGet
0 25

fl=/mnt/NFS_WS/leaf/leaf/front/Front_Controller.php
fn=require_once::/mnt/NFS_WS/leaf/leaf/front/Front_Controller.php
1 8171
cfn=require_once::/mnt/NFS_WS/leaf/leaf/front/helpers/Main.php
calls=1 0 0
23 32
cfn=require_once::/mnt/NFS_WS/leaf/leaf/front/helpers/Dependancies.php
calls=1 0 0
30 17
cfn=require_once::/mnt/NFS_WS/leaf/leaf/front/helpers/Handlers.php
calls=1 0 0
36 15
cfn=require_once::/mnt/NFS_WS/leaf/leaf/front/helpers/Error.php
calls=1 0 0
42 13
cfn=require_once::/mnt/NFS_WS/leaf/leaf/base/helpers/Hooks.php
calls=1 0 0
57 854
cfn=__autoload
calls=1 0 0
0 3000
cfn=leaf_Config->__construct
calls=1 0 0
71 4748
cfn=__autoload
calls=1 0 0
0 1430
cfn=leaf_Router->__construct
calls=1 0 0
72 9414
cfn=__autoload
calls=1 0 0
0 1132
cfn=leaf_Dispatcher->__construct
calls=1 0 0
73 850
cfn=leaf_Config->offsetExists
calls=1 0 0
0 250
cfn=php::date_default_timezone_get
calls=1 0 0
80 351
cfn=php::date_default_timezone_set
calls=1 0 0
83 20
cfn=leaf_Config->offsetGet
calls=1 0 0
0 37
cfn=leaf_Router->getClassName
calls=1 0 0
97 15
cfn=leaf_Router->getMethodName
calls=1 0 0
98 17
cfn=leaf_Dispatcher->invoke
calls=1 0 0
99 66246
cfn=leaf_Controller->__destruct
calls=1 0 0
0 11
cfn=leaf_Config->offsetGet
calls=1 0 0
0 21
cfn=leaf_Config->offsetGet
calls=1 0 0
0 56
cfn=leaf_Config->offsetGet
calls=1 0 0
0 25

fl=/mnt/NFS_WS/leaf/index.php
fn={main}

summary: 101470

0 4136
cfn=php::phpversion
calls=1 0 0
19 70
cfn=php::version_compare
calls=1 0 0
19 19
cfn=php::error_reporting
calls=1 0 0
32 51
cfn=php::define
calls=1 0 0
37 66
cfn=php::define
calls=1 0 0
38 58
cfn=php::realpath
calls=1 0 0
43 157
cfn=php::dirname
calls=1 0 0
43 9
cfn=php::define
calls=1 0 0
43 46
cfn=php::define
calls=1 0 0
48 41
cfn=php::define
calls=1 0 0
53 11
cfn=php::define
calls=1 0 0
58 14
cfn=php::define
calls=1 0 0
63 45
cfn=require_once::/mnt/NFS_WS/leaf/leaf/front/Front_Controller.php
calls=1 0 0
69 96741

fl=/mnt/NFS_WS/leaf/leaf/core/Controller.php
fn=leaf_Controller->__destruct
0 18

