version: 0.9.6
cmd: /mnt/NFS_WS/leaf/index.php
part: 1

events: Time

fl=php:internal
fn=php::phpversion
19 94

fl=php:internal
fn=php::version_compare
19 27

fl=php:internal
fn=php::error_reporting
32 47

fl=php:internal
fn=php::define
37 49

fl=php:internal
fn=php::define
38 63

fl=php:internal
fn=php::realpath
43 155

fl=php:internal
fn=php::dirname
43 8

fl=php:internal
fn=php::define
43 46

fl=php:internal
fn=php::define
48 46

fl=php:internal
fn=php::define
53 11

fl=php:internal
fn=php::define
58 10

fl=php:internal
fn=php::define
63 39

fl=/mnt/NFS_WS/leaf/leaf/front/helpers/Main.php
fn=require_once::/mnt/NFS_WS/leaf/leaf/front/helpers/Main.php
1 35

fl=/mnt/NFS_WS/leaf/leaf/front/helpers/Dependancies.php
fn=require_once::/mnt/NFS_WS/leaf/leaf/front/helpers/Dependancies.php
1 15

fl=/mnt/NFS_WS/leaf/leaf/front/helpers/Handlers.php
fn=require_once::/mnt/NFS_WS/leaf/leaf/front/helpers/Handlers.php
1 13

fl=/mnt/NFS_WS/leaf/leaf/front/helpers/Error.php
fn=require_once::/mnt/NFS_WS/leaf/leaf/front/helpers/Error.php
1 12

fl=php:internal
fn=php::define
24 15

fl=php:internal
fn=php::define
31 30

fl=php:internal
fn=php::define
38 14

fl=/mnt/NFS_WS/leaf/leaf/base/helpers/Hooks.php
fn=require_once::/mnt/NFS_WS/leaf/leaf/base/helpers/Hooks.php
1 625
cfn=php::define
calls=1 0 0
24 15
cfn=php::define
calls=1 0 0
31 30
cfn=php::define
calls=1 0 0
38 14

fl=php:internal
fn=php::array_key_exists
95 10

fl=php:internal
fn=php::array_key_exists
95 13

fl=/mnt/NFS_WS/leaf/leaf/base/Base.php
fn=require_once::/mnt/NFS_WS/leaf/leaf/base/Base.php
1 19

fl=/mnt/NFS_WS/leaf/leaf/front/helpers/Main.php
fn=__autoload
0 1231
cfn=php::array_key_exists
calls=1 0 0
95 13
cfn=require_once::/mnt/NFS_WS/leaf/leaf/base/Base.php
calls=1 0 0
110 19

fl=/mnt/NFS_WS/leaf/leaf/base/Config.php
fn=require_once::/mnt/NFS_WS/leaf/leaf/base/Config.php
1 382
cfn=__autoload
calls=1 0 0
0 1264

fl=/mnt/NFS_WS/leaf/leaf/front/helpers/Main.php
fn=__autoload
0 1385
cfn=php::array_key_exists
calls=1 0 0
95 10
cfn=require_once::/mnt/NFS_WS/leaf/leaf/base/Config.php
calls=1 0 0
110 1646

fl=php:internal
fn=php::array_key_exists
62 12

fl=/mnt/NFS_WS/leaf/leaf/base/Base.php
fn=leaf_Base->__set
39 306
cfn=php::array_key_exists
calls=1 0 0
62 12

fl=/mnt/NFS_WS/leaf/leaf/base/Base.php
fn=leaf_Base->__construct
81 396
cfn=leaf_Base->__set
calls=1 0 0
39 319

fl=/mnt/NFS_WS/leaf/leaf/etc/general.php
fn=require_once::/mnt/NFS_WS/leaf/leaf/etc/general.php
1 102

fl=/mnt/NFS_WS/leaf/leaf/etc/autoload.php
fn=require_once::/mnt/NFS_WS/leaf/leaf/etc/autoload.php
1 68

fl=/mnt/NFS_WS/leaf/leaf/etc/hooks.php
fn=require_once::/mnt/NFS_WS/leaf/leaf/etc/hooks.php
1 121

fl=/mnt/NFS_WS/leaf/leaf/etc/endorsed.php
fn=require_once::/mnt/NFS_WS/leaf/leaf/etc/endorsed.php
1 45

fl=/mnt/NFS_WS/leaf/leaf/etc/database.php
fn=require_once::/mnt/NFS_WS/leaf/leaf/etc/database.php
1 70

fl=/mnt/NFS_WS/leaf/leaf/etc/route.php
fn=require_once::/mnt/NFS_WS/leaf/leaf/etc/route.php
1 113

fl=/mnt/NFS_WS/leaf/leaf/base/Config.php
fn=leaf_Config->__construct
71 4050
cfn=leaf_Base->__construct
calls=1 0 0
81 715
cfn=require_once::/mnt/NFS_WS/leaf/leaf/etc/general.php
calls=1 0 0
84 102
cfn=require_once::/mnt/NFS_WS/leaf/leaf/etc/autoload.php
calls=1 0 0
85 68
cfn=require_once::/mnt/NFS_WS/leaf/leaf/etc/hooks.php
calls=1 0 0
86 121
cfn=require_once::/mnt/NFS_WS/leaf/leaf/etc/endorsed.php
calls=1 0 0
87 45
cfn=require_once::/mnt/NFS_WS/leaf/leaf/etc/database.php
calls=1 0 0
88 70
cfn=require_once::/mnt/NFS_WS/leaf/leaf/etc/route.php
calls=1 0 0
89 113

fl=php:internal
fn=php::array_key_exists
95 8

fl=/mnt/NFS_WS/leaf/leaf/base/Router.php
fn=require_once::/mnt/NFS_WS/leaf/leaf/base/Router.php
1 38

fl=/mnt/NFS_WS/leaf/leaf/front/helpers/Main.php
fn=__autoload
0 1277
cfn=php::array_key_exists
calls=1 0 0
95 8
cfn=require_once::/mnt/NFS_WS/leaf/leaf/base/Router.php
calls=1 0 0
110 38

fl=php:internal
fn=php::array_key_exists
62 7

fl=/mnt/NFS_WS/leaf/leaf/base/Base.php
fn=leaf_Base->__set
39 295
cfn=php::array_key_exists
calls=1 0 0
62 7

fl=/mnt/NFS_WS/leaf/leaf/base/Base.php
fn=leaf_Base->__construct
102 314
cfn=leaf_Base->__set
calls=1 0 0
39 303

fl=php:internal
fn=php::array_key_exists
87 37

fl=/mnt/NFS_WS/leaf/leaf/base/Base.php
fn=leaf_Base::exists
73 220
cfn=php::array_key_exists
calls=1 0 0
87 37

fl=/mnt/NFS_WS/leaf/leaf/base/Base.php
fn=leaf_Base::fetch
50 230
cfn=leaf_Base::exists
calls=1 0 0
73 257

fl=/mnt/NFS_WS/leaf/leaf/base/Base.php
fn=leaf_Base->__get
0 741
cfn=leaf_Base::fetch
calls=1 0 0
50 488

fl=php:internal
fn=php::array_key_exists
111 10

fl=/mnt/NFS_WS/leaf/leaf/base/Config.php
fn=leaf_Config->fetchArray
107 247
cfn=php::array_key_exists
calls=1 0 0
111 10

fl=php:internal
fn=php::preg_quote
133 16

fl=php:internal
fn=php::preg_match_all
138 160

fl=php:internal
fn=php::preg_match
157 66

fl=php:internal
fn=php::array_key_exists
87 13

fl=/mnt/NFS_WS/leaf/leaf/base/Base.php
fn=leaf_Base::exists
73 320
cfn=php::array_key_exists
calls=1 0 0
87 13

fl=/mnt/NFS_WS/leaf/leaf/base/Base.php
fn=leaf_Base::fetch
50 282
cfn=leaf_Base::exists
calls=1 0 0
73 334

fl=/mnt/NFS_WS/leaf/leaf/base/Base.php
fn=leaf_Base->__get
0 604
cfn=leaf_Base::fetch
calls=1 0 0
50 616

fl=/mnt/NFS_WS/leaf/leaf/base/Config.php
fn=leaf_Config->offsetGet
0 37

fl=php:internal
fn=php::preg_replace
200 61

fl=php:internal
fn=php::preg_replace
211 48

fl=php:internal
fn=php::preg_match
216 49

fl=php:internal
fn=php::preg_match
311 80

fl=php:internal
fn=php::preg_replace
318 67

fl=/mnt/NFS_WS/leaf/leaf/base/Router.php
fn=leaf_Router->chopSegment
232 667
cfn=php::preg_match
calls=1 0 0
311 80
cfn=php::preg_replace
calls=1 0 0
318 67

fl=/mnt/NFS_WS/leaf/leaf/base/Router.php
fn=leaf_Router->chopSegment
238 35

fl=php:internal
fn=php::explode
248 15

fl=/mnt/NFS_WS/leaf/leaf/base/Router.php
fn=leaf_Router->__construct
72 5187
cfn=leaf_Base->__construct
calls=1 0 0
102 617
cfn=leaf_Base->__get
calls=1 0 0
0 1229
cfn=leaf_Config->fetchArray
calls=1 0 0
107 257
cfn=php::preg_quote
calls=1 0 0
133 16
cfn=php::preg_match_all
calls=1 0 0
138 160
cfn=php::preg_match
calls=1 0 0
157 66
cfn=leaf_Base->__get
calls=1 0 0
0 1221
cfn=leaf_Config->offsetGet
calls=1 0 0
0 37
cfn=php::preg_replace
calls=1 0 0
200 61
cfn=php::preg_replace
calls=1 0 0
211 48
cfn=php::preg_match
calls=1 0 0
216 49
cfn=leaf_Router->chopSegment
calls=1 0 0
232 815
cfn=leaf_Router->chopSegment
calls=1 0 0
238 35
cfn=php::explode
calls=1 0 0
248 15

fl=php:internal
fn=php::array_key_exists
95 8

fl=/mnt/NFS_WS/leaf/leaf/base/Dispatcher.php
fn=require_once::/mnt/NFS_WS/leaf/leaf/base/Dispatcher.php
1 35

fl=/mnt/NFS_WS/leaf/leaf/front/helpers/Main.php
fn=__autoload
0 1164
cfn=php::array_key_exists
calls=1 0 0
95 8
cfn=require_once::/mnt/NFS_WS/leaf/leaf/base/Dispatcher.php
calls=1 0 0
110 35

fl=php:internal
fn=php::array_key_exists
62 6

fl=/mnt/NFS_WS/leaf/leaf/base/Base.php
fn=leaf_Base->__set
39 291
cfn=php::array_key_exists
calls=1 0 0
62 6

fl=/mnt/NFS_WS/leaf/leaf/base/Base.php
fn=leaf_Base->__construct
58 263
cfn=leaf_Base->__set
calls=1 0 0
39 298

fl=/mnt/NFS_WS/leaf/leaf/base/Dispatcher.php
fn=leaf_Dispatcher->__construct
73 248
cfn=leaf_Base->__construct
calls=1 0 0
58 561

fl=php:internal
fn=php::array_key_exists
135 8

fl=/mnt/NFS_WS/leaf/leaf/base/Config.php
fn=leaf_Config->offsetExists
0 238
cfn=php::array_key_exists
calls=1 0 0
135 8

fl=php:internal
fn=php::date_default_timezone_get
80 349

fl=php:internal
fn=php::date_default_timezone_set
83 21

fl=/mnt/NFS_WS/leaf/leaf/base/Config.php
fn=leaf_Config->offsetGet
0 30

fl=/mnt/NFS_WS/leaf/leaf/base/Router.php
fn=leaf_Router->getClassName
97 15

fl=/mnt/NFS_WS/leaf/leaf/base/Router.php
fn=leaf_Router->getMethodName
98 20

fl=php:internal
fn=php::array_key_exists
87 7

fl=/mnt/NFS_WS/leaf/leaf/base/Base.php
fn=leaf_Base::exists
73 207
cfn=php::array_key_exists
calls=1 0 0
87 7

fl=/mnt/NFS_WS/leaf/leaf/base/Base.php
fn=leaf_Base::fetch
50 195
cfn=leaf_Base::exists
calls=1 0 0
73 215

fl=/mnt/NFS_WS/leaf/leaf/base/Base.php
fn=leaf_Base->__get
0 507
cfn=leaf_Base::fetch
calls=1 0 0
50 411

fl=php:internal
fn=php::array_key_exists
111 7

fl=/mnt/NFS_WS/leaf/leaf/base/Config.php
fn=leaf_Config->fetchArray
178 198
cfn=php::array_key_exists
calls=1 0 0
111 7

fl=php:internal
fn=php::strrpos
183 11

fl=php:internal
fn=php::explode
198 19

fl=php:internal
fn=php::array_push
208 10

fl=php:internal
fn=php::file_exists
214 46

fl=php:internal
fn=php::array_key_exists
95 10

fl=php:internal
fn=php::array_key_exists
95 10

fl=/mnt/NFS_WS/leaf/leaf/core/Common.php
fn=require_once::/mnt/NFS_WS/leaf/leaf/core/Common.php
1 16

fl=/mnt/NFS_WS/leaf/leaf/front/helpers/Main.php
fn=__autoload
0 927
cfn=php::array_key_exists
calls=1 0 0
95 10
cfn=require_once::/mnt/NFS_WS/leaf/leaf/core/Common.php
calls=1 0 0
110 16

fl=/mnt/NFS_WS/leaf/leaf/core/Controller.php
fn=require_once::/mnt/NFS_WS/leaf/leaf/core/Controller.php
1 282
cfn=__autoload
calls=1 0 0
0 954

fl=/mnt/NFS_WS/leaf/leaf/front/helpers/Main.php
fn=__autoload
0 984
cfn=php::array_key_exists
calls=1 0 0
95 10
cfn=require_once::/mnt/NFS_WS/leaf/leaf/core/Controller.php
calls=1 0 0
110 1236

fl=/mnt/NFS_WS/leaf/applications/App2/App2_Controller.php
fn=require_once::/mnt/NFS_WS/leaf/applications/App2/App2_Controller.php
1 279
cfn=__autoload
calls=1 0 0
0 2231

fl=php:internal
fn=php::array_key_exists
95 8

fl=/mnt/NFS_WS/leaf/leaf/core/Registry.php
fn=require_once::/mnt/NFS_WS/leaf/leaf/core/Registry.php
1 16

fl=/mnt/NFS_WS/leaf/leaf/front/helpers/Main.php
fn=__autoload
0 981
cfn=php::array_key_exists
calls=1 0 0
95 8
cfn=require_once::/mnt/NFS_WS/leaf/leaf/core/Registry.php
calls=1 0 0
110 16

fl=/mnt/NFS_WS/leaf/leaf/core/Registry.php
fn=leaf_Registry->__construct
65 12

fl=/mnt/NFS_WS/leaf/leaf/core/Registry.php
fn=leaf_Registry::getInstance
38 376
cfn=leaf_Registry->__construct
calls=1 0 0
65 12

fl=/mnt/NFS_WS/leaf/leaf/core/Common.php
fn=leaf_Common->__construct
41 576
cfn=__autoload
calls=1 0 0
0 1006
cfn=leaf_Registry::getInstance
calls=1 0 0
38 389

fl=php:internal
fn=php::array_key_exists
95 7

fl=/mnt/NFS_WS/leaf/leaf/core/Request.php
fn=require_once::/mnt/NFS_WS/leaf/leaf/core/Request.php
1 33

fl=/mnt/NFS_WS/leaf/leaf/front/helpers/Main.php
fn=__autoload
0 1047
cfn=php::array_key_exists
calls=1 0 0
95 7
cfn=require_once::/mnt/NFS_WS/leaf/leaf/core/Request.php
calls=1 0 0
110 33

fl=/mnt/NFS_WS/leaf/leaf/core/Registry.php
fn=leaf_Registry::getInstance
38 59

fl=/mnt/NFS_WS/leaf/leaf/core/Common.php
fn=leaf_Common->__construct
63 265
cfn=leaf_Registry::getInstance
calls=1 0 0
38 59

fl=php:internal
fn=php::array_key_exists
102 5

fl=/mnt/NFS_WS/leaf/leaf/core/Registry.php
fn=leaf_Registry->registered
49 213
cfn=php::array_key_exists
calls=1 0 0
102 5

fl=php:internal
fn=php::array_key_exists
87 5

fl=/mnt/NFS_WS/leaf/leaf/base/Base.php
fn=leaf_Base::exists
51 220
cfn=php::array_key_exists
calls=1 0 0
87 5

fl=php:internal
fn=php::array_key_exists
87 5

fl=/mnt/NFS_WS/leaf/leaf/base/Base.php
fn=leaf_Base::exists
73 177
cfn=php::array_key_exists
calls=1 0 0
87 5

fl=/mnt/NFS_WS/leaf/leaf/base/Base.php
fn=leaf_Base::fetch
52 233
cfn=leaf_Base::exists
calls=1 0 0
73 183

fl=/mnt/NFS_WS/leaf/leaf/core/Common.php
fn=leaf_Common->__get
0 832
cfn=leaf_Registry->registered
calls=1 0 0
49 219
cfn=leaf_Base::exists
calls=1 0 0
51 226
cfn=leaf_Base::fetch
calls=1 0 0
52 416

fl=/mnt/NFS_WS/leaf/leaf/core/Request.php
fn=leaf_Request->__construct
43 668
cfn=leaf_Common->__construct
calls=1 0 0
63 324
cfn=leaf_Common->__get
calls=1 0 0
0 1695

fl=/mnt/NFS_WS/leaf/leaf/core/Registry.php
fn=leaf_Registry->register
68 49

fl=/mnt/NFS_WS/leaf/leaf/core/Common.php
fn=leaf_Common->__set
43 338
cfn=leaf_Registry->register
calls=1 0 0
68 49

fl=php:internal
fn=php::array_key_exists
95 8

fl=/mnt/NFS_WS/leaf/leaf/core/LocalLoader.php
fn=require_once::/mnt/NFS_WS/leaf/leaf/core/LocalLoader.php
1 15

fl=/mnt/NFS_WS/leaf/leaf/front/helpers/Main.php
fn=__autoload
0 1008
cfn=php::array_key_exists
calls=1 0 0
95 8
cfn=require_once::/mnt/NFS_WS/leaf/leaf/core/LocalLoader.php
calls=1 0 0
110 15

fl=/mnt/NFS_WS/leaf/leaf/core/Registry.php
fn=leaf_Registry::getInstance
38 63

fl=/mnt/NFS_WS/leaf/leaf/core/Common.php
fn=leaf_Common->__construct
37 374
cfn=leaf_Registry::getInstance
calls=1 0 0
38 63

fl=/mnt/NFS_WS/leaf/leaf/core/LocalLoader.php
fn=leaf_LocalLoader->__construct
44 306
cfn=leaf_Common->__construct
calls=1 0 0
37 437

fl=/mnt/NFS_WS/leaf/leaf/core/Registry.php
fn=leaf_Registry->register
68 48

fl=/mnt/NFS_WS/leaf/leaf/core/Common.php
fn=leaf_Common->__set
44 302
cfn=leaf_Registry->register
calls=1 0 0
68 48

fl=php:internal
fn=php::array_key_exists
95 11

fl=/mnt/NFS_WS/leaf/leaf/core/Response.php
fn=require_once::/mnt/NFS_WS/leaf/leaf/core/Response.php
1 70

fl=/mnt/NFS_WS/leaf/leaf/front/helpers/Main.php
fn=__autoload
0 1116
cfn=php::array_key_exists
calls=1 0 0
95 11
cfn=require_once::/mnt/NFS_WS/leaf/leaf/core/Response.php
calls=1 0 0
110 70

fl=/mnt/NFS_WS/leaf/leaf/core/Registry.php
fn=leaf_Registry->__construct
65 19

fl=/mnt/NFS_WS/leaf/leaf/core/Registry.php
fn=leaf_Registry::getInstance
38 428
cfn=leaf_Registry->__construct
calls=1 0 0
65 19

fl=/mnt/NFS_WS/leaf/leaf/core/Common.php
fn=leaf_Common->__construct
68 354
cfn=leaf_Registry::getInstance
calls=1 0 0
38 447

fl=/mnt/NFS_WS/leaf/leaf/core/Response.php
fn=leaf_Response->__construct
45 277
cfn=leaf_Common->__construct
calls=1 0 0
68 802

fl=/mnt/NFS_WS/leaf/leaf/core/Registry.php
fn=leaf_Registry->register
68 38

fl=/mnt/NFS_WS/leaf/leaf/core/Common.php
fn=leaf_Common->__set
45 274
cfn=leaf_Registry->register
calls=1 0 0
68 38

fl=php:internal
fn=php::array_key_exists
95 10

fl=php:internal
fn=php::define
15 15

fl=php:internal
fn=php::define
20 8

fl=/mnt/NFS_WS/leaf/leaf/core/View.php
fn=require_once::/mnt/NFS_WS/leaf/leaf/core/View.php
1 448
cfn=php::define
calls=1 0 0
15 15
cfn=php::define
calls=1 0 0
20 8

fl=/mnt/NFS_WS/leaf/leaf/front/helpers/Main.php
fn=__autoload
0 1031
cfn=php::array_key_exists
calls=1 0 0
95 10
cfn=require_once::/mnt/NFS_WS/leaf/leaf/core/View.php
calls=1 0 0
110 472

fl=/mnt/NFS_WS/leaf/leaf/core/Registry.php
fn=leaf_Registry::getInstance
38 61

fl=/mnt/NFS_WS/leaf/leaf/core/Common.php
fn=leaf_Common->__construct
78 378
cfn=leaf_Registry::getInstance
calls=1 0 0
38 61

fl=/mnt/NFS_WS/leaf/leaf/core/View.php
fn=leaf_View->__construct
46 299
cfn=leaf_Common->__construct
calls=1 0 0
78 440

fl=/mnt/NFS_WS/leaf/leaf/core/Registry.php
fn=leaf_Registry->register
68 44

fl=/mnt/NFS_WS/leaf/leaf/core/Common.php
fn=leaf_Common->__set
46 329
cfn=leaf_Registry->register
calls=1 0 0
68 44

fl=/mnt/NFS_WS/leaf/leaf/core/Controller.php
fn=leaf_Controller->__construct
236 3587
cfn=leaf_Common->__construct
calls=1 0 0
41 1971
cfn=__autoload
calls=1 0 0
0 1088
cfn=leaf_Request->__construct
calls=1 0 0
43 2688
cfn=leaf_Common->__set
calls=1 0 0
43 387
cfn=__autoload
calls=1 0 0
0 1033
cfn=leaf_LocalLoader->__construct
calls=1 0 0
44 744
cfn=leaf_Common->__set
calls=1 0 0
44 350
cfn=__autoload
calls=1 0 0
0 1198
cfn=leaf_Response->__construct
calls=1 0 0
45 1079
cfn=leaf_Common->__set
calls=1 0 0
45 313
cfn=__autoload
calls=1 0 0
0 1514
cfn=leaf_View->__construct
calls=1 0 0
46 740
cfn=leaf_Common->__set
calls=1 0 0
46 373

fl=/mnt/NFS_WS/leaf/leaf/base/Dispatcher.php
fn=leaf_Dispatcher->prepare
73 6983
cfn=leaf_Base->__get
calls=1 0 0
0 918
cfn=leaf_Config->fetchArray
calls=1 0 0
178 205
cfn=php::strrpos
calls=1 0 0
183 11
cfn=php::explode
calls=1 0 0
198 19
cfn=php::array_push
calls=1 0 0
208 10
cfn=php::file_exists
calls=1 0 0
214 46
cfn=require_once::/mnt/NFS_WS/leaf/applications/App2/App2_Controller.php
calls=1 0 0
229 2511
cfn=leaf_Controller->__construct
calls=1 0 0
236 17071

fl=php:internal
fn=php::array_pop
82 20

fl=php:internal
fn=php::method_exists
125 13

fl=php:internal
fn=php::extension_loaded
127 9

fl=php:internal
fn=php::ReflectionMethod->__construct
131 28

fl=php:internal
fn=php::ReflectionFunctionAbstract->getNumberOfParameters
133 10

fl=/mnt/NFS_WS/leaf/applications/App2/App2_Controller.php
fn=App2_Controller->init
0 26

fl=php:internal
fn=php::call_user_func
154 200
cfn=App2_Controller->init
calls=1 0 0
0 26

fl=/mnt/NFS_WS/leaf/leaf/base/Dispatcher.php
fn=leaf_Dispatcher->call
102 1225
cfn=php::method_exists
calls=1 0 0
125 13
cfn=php::extension_loaded
calls=1 0 0
127 9
cfn=php::ReflectionMethod->__construct
calls=1 0 0
131 28
cfn=php::ReflectionFunctionAbstract->getNumberOfParameters
calls=1 0 0
133 10
cfn=php::call_user_func
calls=1 0 0
154 227

fl=php:internal
fn=php::array_key_exists
102 13

fl=/mnt/NFS_WS/leaf/leaf/core/Registry.php
fn=leaf_Registry->registered
49 257
cfn=php::array_key_exists
calls=1 0 0
102 13

fl=/mnt/NFS_WS/leaf/leaf/core/Registry.php
fn=leaf_Registry->__get
0 69

fl=/mnt/NFS_WS/leaf/leaf/core/Common.php
fn=leaf_Common->__get
0 602
cfn=leaf_Registry->registered
calls=1 0 0
49 270
cfn=leaf_Registry->__get
calls=1 0 0
0 69

fl=/mnt/NFS_WS/leaf/leaf/core/Response.php
fn=leaf_Response->ouputBufferStart
104 33

fl=php:internal
fn=php::method_exists
125 12

fl=php:internal
fn=php::extension_loaded
127 10

fl=php:internal
fn=php::ReflectionMethod->__construct
131 35

fl=php:internal
fn=php::ReflectionFunctionAbstract->getNumberOfParameters
133 10

fl=php:internal
fn=php::array_key_exists
102 9

fl=/mnt/NFS_WS/leaf/leaf/core/Registry.php
fn=leaf_Registry->registered
49 297
cfn=php::array_key_exists
calls=1 0 0
102 9

fl=php:internal
fn=php::array_key_exists
87 8

fl=/mnt/NFS_WS/leaf/leaf/base/Base.php
fn=leaf_Base::exists
51 319
cfn=php::array_key_exists
calls=1 0 0
87 8

fl=php:internal
fn=php::array_key_exists
87 9

fl=/mnt/NFS_WS/leaf/leaf/base/Base.php
fn=leaf_Base::exists
73 415
cfn=php::array_key_exists
calls=1 0 0
87 9

fl=/mnt/NFS_WS/leaf/leaf/base/Base.php
fn=leaf_Base::fetch
52 240
cfn=leaf_Base::exists
calls=1 0 0
73 424

fl=/mnt/NFS_WS/leaf/leaf/core/Common.php
fn=leaf_Common->__get
0 819
cfn=leaf_Registry->registered
calls=1 0 0
49 306
cfn=leaf_Base::exists
calls=1 0 0
51 327
cfn=leaf_Base::fetch
calls=1 0 0
52 664

fl=php:internal
fn=php::array_key_exists
87 8

fl=/mnt/NFS_WS/leaf/leaf/base/Base.php
fn=leaf_Base::exists
73 226
cfn=php::array_key_exists
calls=1 0 0
87 8

fl=/mnt/NFS_WS/leaf/leaf/base/Base.php
fn=leaf_Base::fetch
50 202
cfn=leaf_Base::exists
calls=1 0 0
73 235

fl=/mnt/NFS_WS/leaf/leaf/base/Base.php
fn=leaf_Base->__get
0 447
cfn=leaf_Base::fetch
calls=1 0 0
50 437

fl=php:internal
fn=php::array_key_exists
111 10

fl=/mnt/NFS_WS/leaf/leaf/base/Config.php
fn=leaf_Config->fetchArray
178 234
cfn=php::array_key_exists
calls=1 0 0
111 10

fl=php:internal
fn=php::strrpos
183 12

fl=php:internal
fn=php::explode
198 20

fl=php:internal
fn=php::array_push
208 10

fl=php:internal
fn=php::file_exists
214 41

fl=/mnt/NFS_WS/leaf/applications/AnotherApp/AnotherApp_Controller.php
fn=require_once::/mnt/NFS_WS/leaf/applications/AnotherApp/AnotherApp_Controller.php
1 15

fl=/mnt/NFS_WS/leaf/leaf/core/Registry.php
fn=leaf_Registry->__construct
65 15

fl=/mnt/NFS_WS/leaf/leaf/core/Registry.php
fn=leaf_Registry::getInstance
38 291
cfn=leaf_Registry->__construct
calls=1 0 0
65 15

fl=/mnt/NFS_WS/leaf/leaf/core/Common.php
fn=leaf_Common->__construct
41 256
cfn=leaf_Registry::getInstance
calls=1 0 0
38 306

fl=/mnt/NFS_WS/leaf/leaf/core/Registry.php
fn=leaf_Registry::getInstance
38 46

fl=/mnt/NFS_WS/leaf/leaf/core/Common.php
fn=leaf_Common->__construct
63 255
cfn=leaf_Registry::getInstance
calls=1 0 0
38 46

fl=php:internal
fn=php::array_key_exists
102 35

fl=/mnt/NFS_WS/leaf/leaf/core/Registry.php
fn=leaf_Registry->registered
49 193
cfn=php::array_key_exists
calls=1 0 0
102 35

fl=php:internal
fn=php::array_key_exists
87 8

fl=/mnt/NFS_WS/leaf/leaf/base/Base.php
fn=leaf_Base::exists
51 675
cfn=php::array_key_exists
calls=1 0 0
87 8

fl=php:internal
fn=php::array_key_exists
87 10

fl=/mnt/NFS_WS/leaf/leaf/base/Base.php
fn=leaf_Base::exists
73 432
cfn=php::array_key_exists
calls=1 0 0
87 10

fl=/mnt/NFS_WS/leaf/leaf/base/Base.php
fn=leaf_Base::fetch
52 347
cfn=leaf_Base::exists
calls=1 0 0
73 442

fl=/mnt/NFS_WS/leaf/leaf/core/Common.php
fn=leaf_Common->__get
0 1463
cfn=leaf_Registry->registered
calls=1 0 0
49 228
cfn=leaf_Base::exists
calls=1 0 0
51 684
cfn=leaf_Base::fetch
calls=1 0 0
52 790

fl=/mnt/NFS_WS/leaf/leaf/core/Request.php
fn=leaf_Request->__construct
43 609
cfn=leaf_Common->__construct
calls=1 0 0
63 301
cfn=leaf_Common->__get
calls=1 0 0
0 3165

fl=/mnt/NFS_WS/leaf/leaf/core/Registry.php
fn=leaf_Registry->register
68 43

fl=/mnt/NFS_WS/leaf/leaf/core/Common.php
fn=leaf_Common->__set
43 351
cfn=leaf_Registry->register
calls=1 0 0
68 43

fl=/mnt/NFS_WS/leaf/leaf/core/Registry.php
fn=leaf_Registry::getInstance
38 59

fl=/mnt/NFS_WS/leaf/leaf/core/Common.php
fn=leaf_Common->__construct
37 325
cfn=leaf_Registry::getInstance
calls=1 0 0
38 59

fl=/mnt/NFS_WS/leaf/leaf/core/LocalLoader.php
fn=leaf_LocalLoader->__construct
44 231
cfn=leaf_Common->__construct
calls=1 0 0
37 385

fl=/mnt/NFS_WS/leaf/leaf/core/Registry.php
fn=leaf_Registry->register
68 41

fl=/mnt/NFS_WS/leaf/leaf/core/Common.php
fn=leaf_Common->__set
44 286
cfn=leaf_Registry->register
calls=1 0 0
68 41

fl=/mnt/NFS_WS/leaf/leaf/core/Registry.php
fn=leaf_Registry::getInstance
38 63

fl=/mnt/NFS_WS/leaf/leaf/core/Common.php
fn=leaf_Common->__construct
68 408
cfn=leaf_Registry::getInstance
calls=1 0 0
38 63

fl=/mnt/NFS_WS/leaf/leaf/core/Response.php
fn=leaf_Response->__construct
45 328
cfn=leaf_Common->__construct
calls=1 0 0
68 472

fl=/mnt/NFS_WS/leaf/leaf/core/Registry.php
fn=leaf_Registry->register
68 35

fl=/mnt/NFS_WS/leaf/leaf/core/Common.php
fn=leaf_Common->__set
45 247
cfn=leaf_Registry->register
calls=1 0 0
68 35

fl=/mnt/NFS_WS/leaf/leaf/core/Registry.php
fn=leaf_Registry::getInstance
38 49

fl=/mnt/NFS_WS/leaf/leaf/core/Common.php
fn=leaf_Common->__construct
78 349
cfn=leaf_Registry::getInstance
calls=1 0 0
38 49

fl=/mnt/NFS_WS/leaf/leaf/core/View.php
fn=leaf_View->__construct
46 237
cfn=leaf_Common->__construct
calls=1 0 0
78 398

fl=/mnt/NFS_WS/leaf/leaf/core/Registry.php
fn=leaf_Registry->register
68 36

fl=/mnt/NFS_WS/leaf/leaf/core/Common.php
fn=leaf_Common->__set
46 284
cfn=leaf_Registry->register
calls=1 0 0
68 36

fl=/mnt/NFS_WS/leaf/leaf/core/Controller.php
fn=leaf_Controller->__construct
236 2179
cfn=leaf_Common->__construct
calls=1 0 0
41 562
cfn=leaf_Request->__construct
calls=1 0 0
43 4076
cfn=leaf_Common->__set
calls=1 0 0
43 395
cfn=leaf_LocalLoader->__construct
calls=1 0 0
44 617
cfn=leaf_Common->__set
calls=1 0 0
44 327
cfn=leaf_Response->__construct
calls=1 0 0
45 800
cfn=leaf_Common->__set
calls=1 0 0
45 283
cfn=leaf_View->__construct
calls=1 0 0
46 636
cfn=leaf_Common->__set
calls=1 0 0
46 320

fl=/mnt/NFS_WS/leaf/leaf/base/Dispatcher.php
fn=leaf_Dispatcher->prepare
264 4208
cfn=leaf_Base->__get
calls=1 0 0
0 885
cfn=leaf_Config->fetchArray
calls=1 0 0
178 245
cfn=php::strrpos
calls=1 0 0
183 12
cfn=php::explode
calls=1 0 0
198 20
cfn=php::array_push
calls=1 0 0
208 10
cfn=php::file_exists
calls=1 0 0
214 41
cfn=require_once::/mnt/NFS_WS/leaf/applications/AnotherApp/AnotherApp_Controller.php
calls=1 0 0
229 15
cfn=leaf_Controller->__construct
calls=1 0 0
236 10196

fl=php:internal
fn=php::method_exists
267 15

fl=/mnt/NFS_WS/leaf/leaf/base/Dispatcher.php
fn=leaf_Dispatcher->pretend
21 744
cfn=leaf_Dispatcher->prepare
calls=1 0 0
264 15635
cfn=php::method_exists
calls=1 0 0
267 15

fl=php:internal
fn=php::array_key_exists
102 10

fl=/mnt/NFS_WS/leaf/leaf/core/Registry.php
fn=leaf_Registry->registered
49 237
cfn=php::array_key_exists
calls=1 0 0
102 10

fl=php:internal
fn=php::array_key_exists
87 7

fl=/mnt/NFS_WS/leaf/leaf/base/Base.php
fn=leaf_Base::exists
51 270
cfn=php::array_key_exists
calls=1 0 0
87 7

fl=php:internal
fn=php::array_key_exists
87 6

fl=/mnt/NFS_WS/leaf/leaf/base/Base.php
fn=leaf_Base::exists
73 337
cfn=php::array_key_exists
calls=1 0 0
87 6

fl=/mnt/NFS_WS/leaf/leaf/base/Base.php
fn=leaf_Base::fetch
52 338
cfn=leaf_Base::exists
calls=1 0 0
73 344

fl=/mnt/NFS_WS/leaf/leaf/core/Common.php
fn=leaf_Common->__get
0 884
cfn=leaf_Registry->registered
calls=1 0 0
49 247
cfn=leaf_Base::exists
calls=1 0 0
51 277
cfn=leaf_Base::fetch
calls=1 0 0
52 682

fl=php:internal
fn=php::array_pop
82 20

fl=php:internal
fn=php::constant
91 15

fl=php:internal
fn=php::method_exists
125 10

fl=php:internal
fn=php::extension_loaded
127 9

fl=php:internal
fn=php::ReflectionMethod->__construct
131 33

fl=php:internal
fn=php::ReflectionFunctionAbstract->getNumberOfParameters
133 9

fl=/mnt/NFS_WS/leaf/applications/AnotherApp/AnotherApp_Controller.php
fn=AnotherApp_Controller->init
0 37

fl=php:internal
fn=php::call_user_func
154 387
cfn=AnotherApp_Controller->init
calls=1 0 0
0 37

fl=/mnt/NFS_WS/leaf/leaf/base/Dispatcher.php
fn=leaf_Dispatcher->call
102 1178
cfn=php::method_exists
calls=1 0 0
125 10
cfn=php::extension_loaded
calls=1 0 0
127 9
cfn=php::ReflectionMethod->__construct
calls=1 0 0
131 33
cfn=php::ReflectionFunctionAbstract->getNumberOfParameters
calls=1 0 0
133 9
cfn=php::call_user_func
calls=1 0 0
154 425

fl=php:internal
fn=php::array_key_exists
102 7

fl=/mnt/NFS_WS/leaf/leaf/core/Registry.php
fn=leaf_Registry->registered
49 179
cfn=php::array_key_exists
calls=1 0 0
102 7

fl=/mnt/NFS_WS/leaf/leaf/core/Registry.php
fn=leaf_Registry->__get
0 21

fl=/mnt/NFS_WS/leaf/leaf/core/Common.php
fn=leaf_Common->__get
0 452
cfn=leaf_Registry->registered
calls=1 0 0
49 186
cfn=leaf_Registry->__get
calls=1 0 0
0 21

fl=/mnt/NFS_WS/leaf/leaf/core/Response.php
fn=leaf_Response->ouputBufferStart
104 27

fl=php:internal
fn=php::method_exists
125 10

fl=php:internal
fn=php::extension_loaded
127 10

fl=php:internal
fn=php::ReflectionMethod->__construct
131 31

fl=php:internal
fn=php::ReflectionFunctionAbstract->getNumberOfParameters
133 8

fl=/mnt/NFS_WS/leaf/leaf/core/Registry.php
fn=leaf_Registry::getInstance
141 56

fl=/mnt/NFS_WS/leaf/leaf/core/Registry.php
fn=leaf_Registry->__get
0 27

fl=/mnt/NFS_WS/leaf/leaf/core/Registry.php
fn=leaf_Registry::getInstance
142 49

fl=/mnt/NFS_WS/leaf/leaf/core/Registry.php
fn=leaf_Registry->__get
0 31

fl=/mnt/NFS_WS/leaf/applications/AnotherApp/AnotherApp_Controller.php
fn=AnotherApp_Controller->someAction
0 37

fl=php:internal
fn=php::call_user_func
143 306
cfn=AnotherApp_Controller->someAction
calls=1 0 0
0 37

fl=/mnt/NFS_WS/leaf/leaf/base/Dispatcher.php
fn=leaf_Dispatcher->call
107 2944
cfn=php::method_exists
calls=1 0 0
125 10
cfn=php::extension_loaded
calls=1 0 0
127 10
cfn=php::ReflectionMethod->__construct
calls=1 0 0
131 31
cfn=php::ReflectionFunctionAbstract->getNumberOfParameters
calls=1 0 0
133 8
cfn=leaf_Registry::getInstance
calls=1 0 0
141 56
cfn=leaf_Registry->__get
calls=1 0 0
0 27
cfn=leaf_Registry::getInstance
calls=1 0 0
142 49
cfn=leaf_Registry->__get
calls=1 0 0
0 31
cfn=php::call_user_func
calls=1 0 0
143 344

fl=php:internal
fn=php::array_key_exists
102 11

fl=/mnt/NFS_WS/leaf/leaf/core/Registry.php
fn=leaf_Registry->registered
49 260
cfn=php::array_key_exists
calls=1 0 0
102 11

fl=/mnt/NFS_WS/leaf/leaf/core/Registry.php
fn=leaf_Registry->__get
0 27

fl=/mnt/NFS_WS/leaf/leaf/core/Common.php
fn=leaf_Common->__get
0 536
cfn=leaf_Registry->registered
calls=1 0 0
49 272
cfn=leaf_Registry->__get
calls=1 0 0
0 27

fl=/mnt/NFS_WS/leaf/leaf/core/Response.php
fn=leaf_Response->outputBufferFlush
109 14

fl=php:internal
fn=php::method_exists
125 10

fl=php:internal
fn=php::extension_loaded
127 12

fl=php:internal
fn=php::ReflectionMethod->__construct
131 30

fl=php:internal
fn=php::ReflectionFunctionAbstract->getNumberOfParameters
133 8

fl=/mnt/NFS_WS/leaf/applications/AnotherApp/AnotherApp_Controller.php
fn=AnotherApp_Controller->destroy
0 31

fl=php:internal
fn=php::call_user_func
154 235
cfn=AnotherApp_Controller->destroy
calls=1 0 0
0 31

fl=/mnt/NFS_WS/leaf/leaf/base/Dispatcher.php
fn=leaf_Dispatcher->call
112 1261
cfn=php::method_exists
calls=1 0 0
125 10
cfn=php::extension_loaded
calls=1 0 0
127 12
cfn=php::ReflectionMethod->__construct
calls=1 0 0
131 30
cfn=php::ReflectionFunctionAbstract->getNumberOfParameters
calls=1 0 0
133 8
cfn=php::call_user_func
calls=1 0 0
154 267

fl=/mnt/NFS_WS/leaf/leaf/base/Dispatcher.php
fn=leaf_Dispatcher->invoke
24 2516
cfn=php::array_pop
calls=1 0 0
82 20
cfn=php::constant
calls=1 0 0
91 15
cfn=leaf_Dispatcher->call
calls=1 0 0
102 1665
cfn=leaf_Common->__get
calls=1 0 0
0 661
cfn=leaf_Response->ouputBufferStart
calls=1 0 0
104 27
cfn=leaf_Dispatcher->call
calls=1 0 0
107 3515
cfn=leaf_Common->__get
calls=1 0 0
0 836
cfn=leaf_Response->outputBufferFlush
calls=1 0 0
109 14
cfn=leaf_Dispatcher->call
calls=1 0 0
112 1592

fl=/mnt/NFS_WS/leaf/applications/App2/App2_Controller.php
fn=App2_Controller->index
0 1319
cfn=leaf_Common->__get
calls=1 0 0
0 2118
cfn=leaf_Dispatcher->pretend
calls=1 0 0
21 16395
cfn=leaf_Common->__get
calls=1 0 0
0 2092
cfn=leaf_Dispatcher->invoke
calls=1 0 0
24 10864

fl=php:internal
fn=php::call_user_func
154 468
cfn=App2_Controller->index
calls=1 0 0
0 32790

fl=/mnt/NFS_WS/leaf/leaf/base/Dispatcher.php
fn=leaf_Dispatcher->call
107 1201
cfn=php::method_exists
calls=1 0 0
125 12
cfn=php::extension_loaded
calls=1 0 0
127 10
cfn=php::ReflectionMethod->__construct
calls=1 0 0
131 35
cfn=php::ReflectionFunctionAbstract->getNumberOfParameters
calls=1 0 0
133 10
cfn=php::call_user_func
calls=1 0 0
154 33259

fl=php:internal
fn=php::array_key_exists
102 9

fl=/mnt/NFS_WS/leaf/leaf/core/Registry.php
fn=leaf_Registry->registered
49 277
cfn=php::array_key_exists
calls=1 0 0
102 9

fl=/mnt/NFS_WS/leaf/leaf/core/Registry.php
fn=leaf_Registry->__get
0 29

fl=/mnt/NFS_WS/leaf/leaf/core/Common.php
fn=leaf_Common->__get
0 587
cfn=leaf_Registry->registered
calls=1 0 0
49 286
cfn=leaf_Registry->__get
calls=1 0 0
0 29

fl=/mnt/NFS_WS/leaf/leaf/core/Response.php
fn=leaf_Response->outputBufferFlush
109 15

fl=php:internal
fn=php::method_exists
125 14

fl=php:internal
fn=php::extension_loaded
127 10

fl=php:internal
fn=php::ReflectionMethod->__construct
131 30

fl=php:internal
fn=php::ReflectionFunctionAbstract->getNumberOfParameters
133 9

fl=/mnt/NFS_WS/leaf/applications/App2/App2_Controller.php
fn=App2_Controller->destroy
0 32

fl=php:internal
fn=php::call_user_func
154 237
cfn=App2_Controller->destroy
calls=1 0 0
0 32

fl=/mnt/NFS_WS/leaf/leaf/base/Dispatcher.php
fn=leaf_Dispatcher->call
112 1184
cfn=php::method_exists
calls=1 0 0
125 14
cfn=php::extension_loaded
calls=1 0 0
127 10
cfn=php::ReflectionMethod->__construct
calls=1 0 0
131 30
cfn=php::ReflectionFunctionAbstract->getNumberOfParameters
calls=1 0 0
133 9
cfn=php::call_user_func
calls=1 0 0
154 270

fl=/mnt/NFS_WS/leaf/leaf/base/Dispatcher.php
fn=leaf_Dispatcher->invoke
99 2926
cfn=leaf_Dispatcher->prepare
calls=1 0 0
73 27777
cfn=php::array_pop
calls=1 0 0
82 20
cfn=leaf_Dispatcher->call
calls=1 0 0
102 1516
cfn=leaf_Common->__get
calls=1 0 0
0 942
cfn=leaf_Response->ouputBufferStart
calls=1 0 0
104 33
cfn=leaf_Dispatcher->call
calls=1 0 0
107 34530
cfn=leaf_Common->__get
calls=1 0 0
0 903
cfn=leaf_Response->outputBufferFlush
calls=1 0 0
109 15
cfn=leaf_Dispatcher->call
calls=1 0 0
112 1519

fl=/mnt/NFS_WS/leaf/leaf/core/Controller.php
fn=leaf_Controller->__destruct
0 14

fl=/mnt/NFS_WS/leaf/leaf/base/Config.php
fn=leaf_Config->offsetGet
0 30

fl=/mnt/NFS_WS/leaf/leaf/base/Config.php
fn=leaf_Config->offsetGet
0 25

fl=/mnt/NFS_WS/leaf/leaf/base/Config.php
fn=leaf_Config->offsetGet
0 32

fl=/mnt/NFS_WS/leaf/leaf/front/Front_Controller.php
fn=require_once::/mnt/NFS_WS/leaf/leaf/front/Front_Controller.php
1 8210
cfn=require_once::/mnt/NFS_WS/leaf/leaf/front/helpers/Main.php
calls=1 0 0
23 35
cfn=require_once::/mnt/NFS_WS/leaf/leaf/front/helpers/Dependancies.php
calls=1 0 0
30 15
cfn=require_once::/mnt/NFS_WS/leaf/leaf/front/helpers/Handlers.php
calls=1 0 0
36 13
cfn=require_once::/mnt/NFS_WS/leaf/leaf/front/helpers/Error.php
calls=1 0 0
42 12
cfn=require_once::/mnt/NFS_WS/leaf/leaf/base/helpers/Hooks.php
calls=1 0 0
57 684
cfn=__autoload
calls=1 0 0
0 3042
cfn=leaf_Config->__construct
calls=1 0 0
71 5286
cfn=__autoload
calls=1 0 0
0 1323
cfn=leaf_Router->__construct
calls=1 0 0
72 9823
cfn=__autoload
calls=1 0 0
0 1208
cfn=leaf_Dispatcher->__construct
calls=1 0 0
73 810
cfn=leaf_Config->offsetExists
calls=1 0 0
0 247
cfn=php::date_default_timezone_get
calls=1 0 0
80 349
cfn=php::date_default_timezone_set
calls=1 0 0
83 21
cfn=leaf_Config->offsetGet
calls=1 0 0
0 30
cfn=leaf_Router->getClassName
calls=1 0 0
97 15
cfn=leaf_Router->getMethodName
calls=1 0 0
98 20
cfn=leaf_Dispatcher->invoke
calls=1 0 0
99 70186
cfn=leaf_Controller->__destruct
calls=1 0 0
0 14
cfn=leaf_Config->offsetGet
calls=1 0 0
0 30
cfn=leaf_Config->offsetGet
calls=1 0 0
0 25
cfn=leaf_Config->offsetGet
calls=1 0 0
0 32

fl=/mnt/NFS_WS/leaf/index.php
fn={main}

summary: 106188

0 4141
cfn=php::phpversion
calls=1 0 0
19 94
cfn=php::version_compare
calls=1 0 0
19 27
cfn=php::error_reporting
calls=1 0 0
32 47
cfn=php::define
calls=1 0 0
37 49
cfn=php::define
calls=1 0 0
38 63
cfn=php::realpath
calls=1 0 0
43 155
cfn=php::dirname
calls=1 0 0
43 8
cfn=php::define
calls=1 0 0
43 46
cfn=php::define
calls=1 0 0
48 46
cfn=php::define
calls=1 0 0
53 11
cfn=php::define
calls=1 0 0
58 10
cfn=php::define
calls=1 0 0
63 39
cfn=require_once::/mnt/NFS_WS/leaf/leaf/front/Front_Controller.php
calls=1 0 0
69 101443

fl=/mnt/NFS_WS/leaf/leaf/core/Controller.php
fn=leaf_Controller->__destruct
0 10

